android/app/build/intermediates/manifest_merge_blame_file/debug/manifest-merger-blame-debug-report.txt
1<?xml version="1.0" encoding="utf-8"?>
2<manifest xmlns:android="http://schemas.android.com/apk/res/android"
3    package="com.chima"
4    android:versionCode="1"
5    android:versionName="1.0" >
6
7    <uses-sdk
8        android:minSdkVersion="21"
9        android:targetSdkVersion="31" />
10
11    <uses-permission android:name="android.permission.SYSTEM_ALERT_WINDOW" />
11-->src\debug\AndroidManifest.xml:5:5-77
11-->src\debug\AndroidManifest.xml:5:22-75
12    <uses-permission android:name="android.permission.RECORD_AUDIO" />
12-->src\main\AndroidManifest.xml:3:6-71
12-->src\main\AndroidManifest.xml:3:23-69
13    <uses-permission android:name="android.permission.READ_EXTERNAL_STORAGE" />
13-->src\main\AndroidManifest.xml:4:3-78
13-->src\main\AndroidManifest.xml:4:20-75
14    <uses-permission android:name="android.permission.WRITE_EXTERNAL_STORAGE" />
14-->src\main\AndroidManifest.xml:5:3-79
14-->src\main\AndroidManifest.xml:5:20-76
15    <uses-permission android:name="android.permission.INTERNET" />
15-->[com.facebook.flipper:flipper:0.125.0] AndroidManifest.xml:15:5-67
15-->[com.facebook.flipper:flipper:0.125.0] AndroidManifest.xml:15:22-64
16    <uses-permission android:name="android.permission.ACCESS_WIFI_STATE" />
16-->[com.facebook.flipper:flipper:0.125.0] AndroidManifest.xml:16:5-76
16-->[com.facebook.flipper:flipper:0.125.0] AndroidManifest.xml:16:22-73
17    <uses-permission android:name="android.permission.CAMERA" />
17-->[:react-native-camera] AndroidManifest.xml:9:5-65
17-->[:react-native-camera] AndroidManifest.xml:9:22-62
18
19    <uses-feature
19-->[:react-native-camera] AndroidManifest.xml:11:5-13:36
20        android:name="android.hardware.camera"
20-->[:react-native-camera] AndroidManifest.xml:12:9-47
21        android:required="false" />
21-->[:react-native-camera] AndroidManifest.xml:13:9-33
22    <uses-feature
22-->[:react-native-camera] AndroidManifest.xml:14:5-16:36
23        android:name="android.hardware.camera.autofocus"
23-->[:react-native-camera] AndroidManifest.xml:15:9-57
24        android:required="false" /> <!-- Although the *SdkVersion is captured in gradle build files, this is required for non gradle builds -->
24-->[:react-native-camera] AndroidManifest.xml:16:9-33
25    <!-- <uses-sdk android:minSdkVersion="14"/> -->
26    <uses-permission android:name="android.permission.ACCESS_NETWORK_STATE" />
26-->[com.google.android.datatransport:transport-backend-cct:2.3.3] AndroidManifest.xml:25:5-79
26-->[com.google.android.datatransport:transport-backend-cct:2.3.3] AndroidManifest.xml:25:22-76
27
28    <queries>
28-->[androidx.camera:camera-extensions:1.1.0-beta02] AndroidManifest.xml:24:5-28:15
29        <intent>
29-->[androidx.camera:camera-extensions:1.1.0-beta02] AndroidManifest.xml:25:9-27:18
30            <action android:name="androidx.camera.extensions.action.VENDOR_ACTION" />
30-->[androidx.camera:camera-extensions:1.1.0-beta02] AndroidManifest.xml:26:13-86
30-->[androidx.camera:camera-extensions:1.1.0-beta02] AndroidManifest.xml:26:21-83
31        </intent>
32    </queries>
33
34    <application
34-->src\main\AndroidManifest.xml:6:5-25:19
35        android:name="com.chima.MainApplication"
35-->src\main\AndroidManifest.xml:7:7-38
36        android:allowBackup="false"
36-->src\main\AndroidManifest.xml:11:7-34
37        android:appComponentFactory="androidx.core.app.CoreComponentFactory"
37-->[androidx.core:core:1.7.0] AndroidManifest.xml:24:18-86
38        android:debuggable="true"
39        android:icon="@mipmap/ic_launcher"
39-->src\main\AndroidManifest.xml:9:7-41
40        android:label="@string/app_name"
40-->src\main\AndroidManifest.xml:8:7-39
41        android:roundIcon="@mipmap/ic_launcher_round"
41-->src\main\AndroidManifest.xml:10:7-52
42        android:theme="@style/AppTheme"
42-->src\main\AndroidManifest.xml:12:7-38
43        android:usesCleartextTraffic="true" >
43-->src\debug\AndroidManifest.xml:8:9-44
44        <activity
44-->src\debug\AndroidManifest.xml:11:9-111
45            android:name="com.facebook.react.devsupport.DevSettingsActivity"
45-->src\debug\AndroidManifest.xml:11:19-83
46            android:exported="false" />
46-->src\debug\AndroidManifest.xml:11:84-108
47        <activity
47-->src\main\AndroidManifest.xml:13:7-24:18
48            android:name="com.chima.MainActivity"
48-->src\main\AndroidManifest.xml:14:9-37
49            android:configChanges="keyboard|keyboardHidden|orientation|screenLayout|screenSize|smallestScreenSize|uiMode"
49-->src\main\AndroidManifest.xml:16:9-118
50            android:exported="true"
50-->src\main\AndroidManifest.xml:19:9-32
51            android:label="@string/app_name"
51-->src\main\AndroidManifest.xml:15:9-41
52            android:launchMode="singleTask"
52-->src\main\AndroidManifest.xml:17:9-40
53            android:windowSoftInputMode="adjustResize" >
53-->src\main\AndroidManifest.xml:18:9-51
54            <intent-filter>
54-->src\main\AndroidManifest.xml:20:9-23:25
55                <action android:name="android.intent.action.MAIN" />
55-->src\main\AndroidManifest.xml:21:13-65
55-->src\main\AndroidManifest.xml:21:21-62
56
57                <category android:name="android.intent.category.LAUNCHER" />
57-->src\main\AndroidManifest.xml:22:13-73
57-->src\main\AndroidManifest.xml:22:23-70
58            </intent-filter>
59        </activity>
60
61        <service
61-->[com.google.android.gms:play-services-mlkit-face-detection:16.2.0] AndroidManifest.xml:9:9-15:19
62            android:name="com.google.mlkit.common.internal.MlKitComponentDiscoveryService"
62-->[com.google.android.gms:play-services-mlkit-face-detection:16.2.0] AndroidManifest.xml:10:13-91
63            android:directBootAware="true"
63-->[com.google.mlkit:common:17.3.0] AndroidManifest.xml:17:13-43
64            android:exported="false" >
64-->[com.google.android.gms:play-services-mlkit-face-detection:16.2.0] AndroidManifest.xml:11:13-37
65            <meta-data
65-->[com.google.android.gms:play-services-mlkit-face-detection:16.2.0] AndroidManifest.xml:12:13-14:85
66                android:name="com.google.firebase.components:com.google.mlkit.vision.face.internal.FaceRegistrar"
66-->[com.google.android.gms:play-services-mlkit-face-detection:16.2.0] AndroidManifest.xml:13:17-114
67                android:value="com.google.firebase.components.ComponentRegistrar" />
67-->[com.google.android.gms:play-services-mlkit-face-detection:16.2.0] AndroidManifest.xml:14:17-82
68            <meta-data
68-->[com.google.android.gms:play-services-mlkit-text-recognition:16.3.0] AndroidManifest.xml:12:13-14:85
69                android:name="com.google.firebase.components:com.google.mlkit.vision.text.internal.TextRegistrar"
69-->[com.google.android.gms:play-services-mlkit-text-recognition:16.3.0] AndroidManifest.xml:13:17-114
70                android:value="com.google.firebase.components.ComponentRegistrar" />
70-->[com.google.android.gms:play-services-mlkit-text-recognition:16.3.0] AndroidManifest.xml:14:17-82
71            <meta-data
71-->[com.google.android.gms:play-services-mlkit-barcode-scanning:16.2.1] AndroidManifest.xml:12:13-14:85
72                android:name="com.google.firebase.components:com.google.mlkit.vision.barcode.internal.BarcodeRegistrar"
72-->[com.google.android.gms:play-services-mlkit-barcode-scanning:16.2.1] AndroidManifest.xml:13:17-120
73                android:value="com.google.firebase.components.ComponentRegistrar" />
73-->[com.google.android.gms:play-services-mlkit-barcode-scanning:16.2.1] AndroidManifest.xml:14:17-82
74            <meta-data
74-->[com.google.mlkit:vision-common:16.5.0] AndroidManifest.xml:12:13-14:85
75                android:name="com.google.firebase.components:com.google.mlkit.vision.common.internal.VisionCommonRegistrar"
75-->[com.google.mlkit:vision-common:16.5.0] AndroidManifest.xml:13:17-124
76                android:value="com.google.firebase.components.ComponentRegistrar" />
76-->[com.google.mlkit:vision-common:16.5.0] AndroidManifest.xml:14:17-82
77            <meta-data
77-->[com.google.mlkit:common:17.3.0] AndroidManifest.xml:20:13-22:85
78                android:name="com.google.firebase.components:com.google.mlkit.common.internal.CommonComponentRegistrar"
78-->[com.google.mlkit:common:17.3.0] AndroidManifest.xml:21:17-120
79                android:value="com.google.firebase.components.ComponentRegistrar" />
79-->[com.google.mlkit:common:17.3.0] AndroidManifest.xml:22:17-82
80        </service>
81
82        <provider
82-->[com.google.mlkit:common:17.3.0] AndroidManifest.xml:9:9-13:38
83            android:name="com.google.mlkit.common.internal.MlKitInitProvider"
83-->[com.google.mlkit:common:17.3.0] AndroidManifest.xml:10:13-78
84            android:authorities="com.chima.mlkitinitprovider"
84-->[com.google.mlkit:common:17.3.0] AndroidManifest.xml:11:13-69
85            android:exported="false"
85-->[com.google.mlkit:common:17.3.0] AndroidManifest.xml:12:13-37
86            android:initOrder="99" />
86-->[com.google.mlkit:common:17.3.0] AndroidManifest.xml:13:13-35
87
88        <service
88-->[com.google.android.datatransport:transport-backend-cct:2.3.3] AndroidManifest.xml:29:9-35:19
89            android:name="com.google.android.datatransport.runtime.backends.TransportBackendDiscovery"
89-->[com.google.android.datatransport:transport-backend-cct:2.3.3] AndroidManifest.xml:30:13-103
90            android:exported="false" >
90-->[com.google.android.datatransport:transport-backend-cct:2.3.3] AndroidManifest.xml:31:13-37
91            <meta-data
91-->[com.google.android.datatransport:transport-backend-cct:2.3.3] AndroidManifest.xml:32:13-34:39
92                android:name="backend:com.google.android.datatransport.cct.CctBackendFactory"
92-->[com.google.android.datatransport:transport-backend-cct:2.3.3] AndroidManifest.xml:33:17-94
93                android:value="cct" />
93-->[com.google.android.datatransport:transport-backend-cct:2.3.3] AndroidManifest.xml:34:17-36
94        </service>
95        <service
95-->[com.google.android.datatransport:transport-runtime:2.2.6] AndroidManifest.xml:26:9-30:19
96            android:name="com.google.android.datatransport.runtime.scheduling.jobscheduling.JobInfoSchedulerService"
96-->[com.google.android.datatransport:transport-runtime:2.2.6] AndroidManifest.xml:27:13-117
97            android:exported="false"
97-->[com.google.android.datatransport:transport-runtime:2.2.6] AndroidManifest.xml:28:13-37
98            android:permission="android.permission.BIND_JOB_SERVICE" >
98-->[com.google.android.datatransport:transport-runtime:2.2.6] AndroidManifest.xml:29:13-69
99        </service>
100
101        <receiver
101-->[com.google.android.datatransport:transport-runtime:2.2.6] AndroidManifest.xml:32:9-34:40
102            android:name="com.google.android.datatransport.runtime.scheduling.jobscheduling.AlarmManagerSchedulerBroadcastReceiver"
102-->[com.google.android.datatransport:transport-runtime:2.2.6] AndroidManifest.xml:33:13-132
103            android:exported="false" />
103-->[com.google.android.datatransport:transport-runtime:2.2.6] AndroidManifest.xml:34:13-37
104
105        <uses-library
105-->[androidx.camera:camera-extensions:1.1.0-beta02] AndroidManifest.xml:31:9-33:40
106            android:name="androidx.camera.extensions.impl"
106-->[androidx.camera:camera-extensions:1.1.0-beta02] AndroidManifest.xml:32:13-59
107            android:required="false" />
107-->[androidx.camera:camera-extensions:1.1.0-beta02] AndroidManifest.xml:33:13-37
108
109        <service
109-->[androidx.camera:camera-camera2:1.1.0-beta02] AndroidManifest.xml:26:9-35:19
110            android:name="androidx.camera.core.impl.MetadataHolderService"
110-->[androidx.camera:camera-camera2:1.1.0-beta02] AndroidManifest.xml:27:13-75
111            android:enabled="false"
111-->[androidx.camera:camera-camera2:1.1.0-beta02] AndroidManifest.xml:28:13-36
112            android:exported="false" >
112-->[androidx.camera:camera-camera2:1.1.0-beta02] AndroidManifest.xml:29:13-37
113            <meta-data
113-->[androidx.camera:camera-camera2:1.1.0-beta02] AndroidManifest.xml:32:13-34:89
114                android:name="androidx.camera.core.impl.MetadataHolderService.DEFAULT_CONFIG_PROVIDER"
114-->[androidx.camera:camera-camera2:1.1.0-beta02] AndroidManifest.xml:33:17-103
115                android:value="androidx.camera.camera2.Camera2Config$DefaultProvider" />
115-->[androidx.camera:camera-camera2:1.1.0-beta02] AndroidManifest.xml:34:17-86
116        </service>
117
118        <activity
118-->[com.google.android.gms:play-services-base:17.6.0] AndroidManifest.xml:23:9-26:75
119            android:name="com.google.android.gms.common.api.GoogleApiActivity"
119-->[com.google.android.gms:play-services-base:17.6.0] AndroidManifest.xml:24:13-79
120            android:exported="false"
120-->[com.google.android.gms:play-services-base:17.6.0] AndroidManifest.xml:25:13-37
121            android:theme="@android:style/Theme.Translucent.NoTitleBar" />
121-->[com.google.android.gms:play-services-base:17.6.0] AndroidManifest.xml:26:13-72
122
123        <meta-data
123-->[com.google.android.gms:play-services-basement:17.6.0] AndroidManifest.xml:23:9-25:69
124            android:name="com.google.android.gms.version"
124-->[com.google.android.gms:play-services-basement:17.6.0] AndroidManifest.xml:24:13-58
125            android:value="@integer/google_play_services_version" />
125-->[com.google.android.gms:play-services-basement:17.6.0] AndroidManifest.xml:25:13-66
126
127        <provider
127-->[androidx.emoji2:emoji2:1.0.0] AndroidManifest.xml:26:9-34:20
128            android:name="androidx.startup.InitializationProvider"
128-->[androidx.emoji2:emoji2:1.0.0] AndroidManifest.xml:27:13-67
129            android:authorities="com.chima.androidx-startup"
129-->[androidx.emoji2:emoji2:1.0.0] AndroidManifest.xml:28:13-68
130            android:exported="false" >
130-->[androidx.emoji2:emoji2:1.0.0] AndroidManifest.xml:29:13-37
131            <meta-data
131-->[androidx.emoji2:emoji2:1.0.0] AndroidManifest.xml:31:13-33:52
132                android:name="androidx.emoji2.text.EmojiCompatInitializer"
132-->[androidx.emoji2:emoji2:1.0.0] AndroidManifest.xml:32:17-75
133                android:value="androidx.startup" />
133-->[androidx.emoji2:emoji2:1.0.0] AndroidManifest.xml:33:17-49
134            <meta-data
134-->[androidx.lifecycle:lifecycle-process:2.4.0] AndroidManifest.xml:31:13-33:52
135                android:name="androidx.lifecycle.ProcessLifecycleInitializer"
135-->[androidx.lifecycle:lifecycle-process:2.4.0] AndroidManifest.xml:32:17-78
136                android:value="androidx.startup" />
136-->[androidx.lifecycle:lifecycle-process:2.4.0] AndroidManifest.xml:33:17-49
137        </provider>
138    </application>
139
140</manifest>